<?xml version="1.0" encoding="UTF-8"?>
<!-- Generated by org.testng.reporters.JUnitXMLReporter -->
<testsuite ignored="0" hostname="DESKTOP-OC8SAEU" failures="1" tests="1" name="Test Fiddle" time="3.675" errors="0" timestamp="2022-05-16T00:59:38 BST">
  <testcase classname="com.automationtask.testCases.TC_001" name="test1" time="0.007">
    <failure type="java.lang.NullPointerException" message="Cannot invoke &amp;quot;org.openqa.selenium.WebDriver.findElement(org.openqa.selenium.By)&amp;quot; because &amp;quot;com.automationtask.pageObject.RunPage.driver&amp;quot; is null">
      <![CDATA[java.lang.NullPointerException: Cannot invoke "org.openqa.selenium.WebDriver.findElement(org.openqa.selenium.By)" because "com.automationtask.pageObject.RunPage.driver" is null
at com.automationtask.pageObject.RunPage.clickRunBotton(RunPage.java:16)
at com.automationtask.testCases.TC_001.test1(TC_001.java:15)
at java.base/java.util.ArrayList.forEach(ArrayList.java:1511)
... Removed 27 stack frames]]>
    </failure>
  </testcase> <!-- test1 -->
</testsuite> <!-- Test Fiddle -->
