<?xml version="1.0" encoding="UTF-8"?>
<testng-results ignored="0" total="2" passed="2" failed="0" skipped="0">
  <reporter-output>
  </reporter-output>
  <suite started-at="2022-05-18T11:15:38 BST" name="AutomationTask" finished-at="2022-05-18T11:15:48 BST" duration-ms="9268">
    <groups>
    </groups>
    <test started-at="2022-05-18T11:15:38 BST" name="Test" finished-at="2022-05-18T11:15:48 BST" duration-ms="9268">
      <class name="testCases.TC_001">
        <test-method is-config="true" signature="setUp()[pri:0, instance:testCases.TC_001@13fd2ccd]" started-at="2022-05-18T11:15:38 BST" name="setUp" finished-at="2022-05-18T11:15:44 BST" duration-ms="5194" status="PASS">
          <reporter-output>
          </reporter-output>
        </test-method> <!-- setUp -->
        <test-method signature="test1()[pri:0, instance:testCases.TC_001@13fd2ccd]" started-at="2022-05-18T11:15:44 BST" name="test1" finished-at="2022-05-18T11:15:44 BST" duration-ms="170" status="PASS">
          <reporter-output>
          </reporter-output>
        </test-method> <!-- test1 -->
        <test-method is-config="true" signature="tearDown()[pri:0, instance:testCases.TC_001@13fd2ccd]" started-at="2022-05-18T11:15:44 BST" name="tearDown" finished-at="2022-05-18T11:15:44 BST" duration-ms="312" status="PASS">
          <reporter-output>
          </reporter-output>
        </test-method> <!-- tearDown -->
      </class> <!-- testCases.TC_001 -->
      <class name="testCases.TC_002">
        <test-method is-config="true" signature="setUp()[pri:0, instance:testCases.TC_002@7db12bb6]" started-at="2022-05-18T11:15:44 BST" name="setUp" finished-at="2022-05-18T11:15:47 BST" duration-ms="3096" status="PASS">
          <reporter-output>
          </reporter-output>
        </test-method> <!-- setUp -->
        <test-method signature="test2()[pri:0, instance:testCases.TC_002@7db12bb6]" started-at="2022-05-18T11:15:47 BST" name="test2" finished-at="2022-05-18T11:15:47 BST" duration-ms="122" status="PASS">
          <reporter-output>
          </reporter-output>
        </test-method> <!-- test2 -->
        <test-method is-config="true" signature="tearDown()[pri:0, instance:testCases.TC_002@7db12bb6]" started-at="2022-05-18T11:15:47 BST" name="tearDown" finished-at="2022-05-18T11:15:48 BST" duration-ms="318" status="PASS">
          <reporter-output>
          </reporter-output>
        </test-method> <!-- tearDown -->
      </class> <!-- testCases.TC_002 -->
    </test> <!-- Test -->
  </suite> <!-- AutomationTask -->
</testng-results>
